<?xml version="1.0" encoding="UTF-8"?>
<!-- Generated by org.testng.reporters.JUnitXMLReporter -->
<testsuite ignored="0" hostname="DESKTOP-87NE48G" failures="0" tests="5" name="Default test" time="1.979" errors="0" timestamp="2024-12-15T09:22:39 IST">
  <testcase classname="Add_Product.Check_required_fieleds" name="@BeforeTest openUrl" time="1.719">
    <failure type="org.openqa.selenium.SessionNotCreatedException" message="Could not start a new session. Response code 500. Message: session not created: This version of ChromeDriver only supports Chrome version 126
Current browser version is 131.0.6778.140 with binary path C:\Program Files (x86)\Google\Chrome\Application\chrome.exe 
Host info: host: &amp;apos;DESKTOP-87NE48G&amp;apos;, ip: &amp;apos;192.168.210.116&amp;apos;
Build info: version: &amp;apos;4.21.0&amp;apos;, revision: &amp;apos;79ed462ef4&amp;apos;
System info: os.name: &amp;apos;Windows 11&amp;apos;, os.arch: &amp;apos;amd64&amp;apos;, os.version: &amp;apos;10.0&amp;apos;, java.version: &amp;apos;21.0.3&amp;apos;
Driver info: org.openqa.selenium.chrome.ChromeDriver
Command: [null, newSession {capabilities=[Capabilities {browserName: chrome, goog:chromeOptions: {args: [], extensions: []}}]}]">
      <![CDATA[org.openqa.selenium.SessionNotCreatedException: Could not start a new session. Response code 500. Message: session not created: This version of ChromeDriver only supports Chrome version 126
Current browser version is 131.0.6778.140 with binary path C:\Program Files (x86)\Google\Chrome\Application\chrome.exe 
Host info: host: 'DESKTOP-87NE48G', ip: '192.168.210.116'
Build info: version: '4.21.0', revision: '79ed462ef4'
System info: os.name: 'Windows 11', os.arch: 'amd64', os.version: '10.0', java.version: '21.0.3'
Driver info: org.openqa.selenium.chrome.ChromeDriver
Command: [null, newSession {capabilities=[Capabilities {browserName: chrome, goog:chromeOptions: {args: [], extensions: []}}]}]
at org.openqa.selenium.remote.ProtocolHandshake.createSession(ProtocolHandshake.java:114)
at org.openqa.selenium.remote.ProtocolHandshake.createSession(ProtocolHandshake.java:75)
at org.openqa.selenium.remote.ProtocolHandshake.createSession(ProtocolHandshake.java:61)
at org.openqa.selenium.remote.HttpCommandExecutor.execute(HttpCommandExecutor.java:162)
at org.openqa.selenium.remote.service.DriverCommandExecutor.invokeExecute(DriverCommandExecutor.java:216)
at org.openqa.selenium.remote.service.DriverCommandExecutor.execute(DriverCommandExecutor.java:174)
at org.openqa.selenium.remote.RemoteWebDriver.execute(RemoteWebDriver.java:518)
at org.openqa.selenium.remote.RemoteWebDriver.startSession(RemoteWebDriver.java:232)
at org.openqa.selenium.remote.RemoteWebDriver.<init>(RemoteWebDriver.java:161)
at org.openqa.selenium.chromium.ChromiumDriver.<init>(ChromiumDriver.java:114)
at org.openqa.selenium.chrome.ChromeDriver.<init>(ChromeDriver.java:88)
at org.openqa.selenium.chrome.ChromeDriver.<init>(ChromeDriver.java:83)
at org.openqa.selenium.chrome.ChromeDriver.<init>(ChromeDriver.java:51)
at Add_Product.Check_required_fieleds.openUrl(Check_required_fieleds.java:22)
at java.base/jdk.internal.reflect.DirectMethodHandleAccessor.invoke(DirectMethodHandleAccessor.java:103)
at java.base/java.lang.reflect.Method.invoke(Method.java:580)
at org.testng.internal.MethodInvocationHelper.invokeMethod(MethodInvocationHelper.java:133)
at org.testng.internal.MethodInvocationHelper.invokeMethodConsideringTimeout(MethodInvocationHelper.java:62)
at org.testng.internal.ConfigInvoker.invokeConfigurationMethod(ConfigInvoker.java:385)
at org.testng.internal.ConfigInvoker.invokeConfigurations(ConfigInvoker.java:321)
at org.testng.TestRunner.invokeTestConfigurations(TestRunner.java:637)
at org.testng.TestRunner.beforeRun(TestRunner.java:627)
at org.testng.TestRunner.run(TestRunner.java:589)
at org.testng.SuiteRunner.runTest(SuiteRunner.java:377)
at org.testng.SuiteRunner.runSequentially(SuiteRunner.java:371)
at org.testng.SuiteRunner.privateRun(SuiteRunner.java:332)
at org.testng.SuiteRunner.run(SuiteRunner.java:276)
at org.testng.SuiteRunnerWorker.runSuite(SuiteRunnerWorker.java:53)
at org.testng.SuiteRunnerWorker.run(SuiteRunnerWorker.java:96)
at org.testng.TestNG.runSuitesSequentially(TestNG.java:1212)
at org.testng.TestNG.runSuitesLocally(TestNG.java:1134)
at org.testng.TestNG.runSuites(TestNG.java:1063)
at org.testng.TestNG.run(TestNG.java:1031)
at org.testng.remote.AbstractRemoteTestNG.run(AbstractRemoteTestNG.java:115)
at org.testng.remote.RemoteTestNG.initAndRun(RemoteTestNG.java:293)
at org.testng.remote.RemoteTestNG.main(RemoteTestNG.java:91)
]]>
    </failure>
  </testcase> <!-- @BeforeTest openUrl -->
  <testcase classname="Add_Product.Check_required_fieleds" name="@BeforeMethod navigateToAddProductPage" time="-1.734234759395E9">
    <skipped/>
  </testcase> <!-- @BeforeMethod navigateToAddProductPage -->
  <testcase classname="Add_Product.Check_required_fieleds" name="@BeforeMethod navigateToAddProductPage" time="-1.734234759433E9">
    <skipped/>
  </testcase> <!-- @BeforeMethod navigateToAddProductPage -->
  <testcase classname="Add_Product.Check_required_fieleds" name="@BeforeMethod navigateToAddProductPage" time="-1.734234759475E9">
    <skipped/>
  </testcase> <!-- @BeforeMethod navigateToAddProductPage -->
  <testcase classname="Add_Product.Check_required_fieleds" name="@BeforeMethod navigateToAddProductPage" time="-1.734234759487E9">
    <skipped/>
  </testcase> <!-- @BeforeMethod navigateToAddProductPage -->
  <testcase classname="Add_Product.Check_required_fieleds" name="@BeforeMethod navigateToAddProductPage" time="-1.73423475951E9">
    <skipped/>
  </testcase> <!-- @BeforeMethod navigateToAddProductPage -->
  <testcase classname="Add_Product.Check_required_fieleds" name="@AfterTest tearDown" time="-1.734234759528E9">
    <skipped/>
  </testcase> <!-- @AfterTest tearDown -->
  <testcase classname="Add_Product.Check_required_fieleds" name="TC_01A" time="0.0">
    <skipped/>
  </testcase> <!-- TC_01A -->
  <testcase classname="Add_Product.Check_required_fieleds" name="TC_01B" time="0.0">
    <skipped/>
  </testcase> <!-- TC_01B -->
  <testcase classname="Add_Product.Check_required_fieleds" name="TC_01C" time="0.0">
    <skipped/>
  </testcase> <!-- TC_01C -->
  <testcase classname="Add_Product.Check_required_fieleds" name="TC_02" time="0.0">
    <skipped/>
  </testcase> <!-- TC_02 -->
  <testcase classname="Add_Product.Check_required_fieleds" name="TC_03" time="0.0">
    <skipped/>
  </testcase> <!-- TC_03 -->
</testsuite> <!-- Default test -->
